[INFO] Scanning for projects...
[INFO] 
[INFO] ------------------< com.group:booking_hotel_backend >-------------------
[INFO] Building booking_hotel_backend 0.0.1-SNAPSHOT
[INFO]   from pom.xml
[INFO] --------------------------------[ jar ]---------------------------------
[INFO] 
[INFO] >>> spring-boot:3.5.14:run (default-cli) > test-compile @ booking_hotel_backend >>>
[INFO] 
[INFO] --- resources:3.3.1:resources (default-resources) @ booking_hotel_backend ---
[INFO] Copying 1 resource from src\main\resources to target\classes
[INFO] Copying 5 resources from src\main\resources to target\classes
[INFO] 
[INFO] --- compiler:3.14.1:compile (default-compile) @ booking_hotel_backend ---
[INFO] Nothing to compile - all classes are up to date.
[INFO] 
[INFO] --- resources:3.3.1:testResources (default-testResources) @ booking_hotel_backend ---
[INFO] skip non existing resourceDirectory D:\railway97-project-team\booking_hotel_backend\src\test\resources
[INFO] 
[INFO] --- compiler:3.14.1:testCompile (default-testCompile) @ booking_hotel_backend ---
[INFO] Nothing to compile - all classes are up to date.
[INFO] 
[INFO] <<< spring-boot:3.5.14:run (default-cli) < test-compile @ booking_hotel_backend <<<
[INFO] 
[INFO] 
[INFO] --- spring-boot:3.5.14:run (default-cli) @ booking_hotel_backend ---
[INFO] Attaching agents: []

  .   ____          _            __ _ _
 /\\ / ___'_ __ _ _(_)_ __  __ _ \ \ \ \
( ( )\___ | '_ | '_| | '_ \/ _` | \ \ \ \
 \\/  ___)| |_)| | | | | || (_| |  ) ) ) )
  '  |____| .__|_| |_|_| |_\__, | / / / /
 =========|_|==============|___/=/_/_/_/

 :: Spring Boot ::               (v3.5.14)

2026-06-03T18:42:43.453+07:00  INFO 2144 --- [booking_hotel_backend] [  restartedMain] c.g.h.BookingHotelBackendApplication     : Starting BookingHotelBackendApplication using Java 21.0.10 with PID 2144 (D:\railway97-project-team\booking_hotel_backend\target\classes started by trung in D:\railway97-project-team\booking_hotel_backend)
2026-06-03T18:42:43.463+07:00  INFO 2144 --- [booking_hotel_backend] [  restartedMain] c.g.h.BookingHotelBackendApplication     : No active profile set, falling back to 1 default profile: "default"
2026-06-03T18:42:43.505+07:00  INFO 2144 --- [booking_hotel_backend] [  restartedMain] .e.DevToolsPropertyDefaultsPostProcessor : Devtools property defaults active! Set 'spring.devtools.add-properties' to 'false' to disable
2026-06-03T18:42:43.505+07:00  INFO 2144 --- [booking_hotel_backend] [  restartedMain] .e.DevToolsPropertyDefaultsPostProcessor : For additional web related logging consider setting the 'logging.level.web' property to 'DEBUG'
2026-06-03T18:42:44.853+07:00  INFO 2144 --- [booking_hotel_backend] [  restartedMain] .s.d.r.c.RepositoryConfigurationDelegate : Bootstrapping Spring Data JPA repositories in DEFAULT mode.
2026-06-03T18:42:45.029+07:00  INFO 2144 --- [booking_hotel_backend] [  restartedMain] .s.d.r.c.RepositoryConfigurationDelegate : Finished Spring Data repository scanning in 149 ms. Found 13 JPA repository interfaces.
2026-06-03T18:42:45.659+07:00  INFO 2144 --- [booking_hotel_backend] [  restartedMain] o.s.b.w.embedded.tomcat.TomcatWebServer  : Tomcat initialized with port 8082 (http)
2026-06-03T18:42:45.675+07:00  INFO 2144 --- [booking_hotel_backend] [  restartedMain] o.apache.catalina.core.StandardService   : Starting service [Tomcat]
2026-06-03T18:42:45.676+07:00  INFO 2144 --- [booking_hotel_backend] [  restartedMain] o.apache.catalina.core.StandardEngine    : Starting Servlet engine: [Apache Tomcat/10.1.54]
2026-06-03T18:42:45.748+07:00  INFO 2144 --- [booking_hotel_backend] [  restartedMain] o.a.c.c.C.[Tomcat].[localhost].[/]       : Initializing Spring embedded WebApplicationContext
2026-06-03T18:42:45.752+07:00  INFO 2144 --- [booking_hotel_backend] [  restartedMain] w.s.c.ServletWebServerApplicationContext : Root WebApplicationContext: initialization completed in 2245 ms
2026-06-03T18:42:45.937+07:00  INFO 2144 --- [booking_hotel_backend] [  restartedMain] o.hibernate.jpa.internal.util.LogHelper  : HHH000204: Processing PersistenceUnitInfo [name: default]
2026-06-03T18:42:45.997+07:00  INFO 2144 --- [booking_hotel_backend] [  restartedMain] org.hibernate.Version                    : HHH000412: Hibernate ORM core version 6.6.49.Final
2026-06-03T18:42:46.040+07:00  INFO 2144 --- [booking_hotel_backend] [  restartedMain] o.h.c.internal.RegionFactoryInitiator    : HHH000026: Second-level cache disabled
2026-06-03T18:42:46.324+07:00  INFO 2144 --- [booking_hotel_backend] [  restartedMain] o.s.o.j.p.SpringPersistenceUnitInfo      : No LoadTimeWeaver setup: ignoring JPA class transformer
2026-06-03T18:42:46.359+07:00  INFO 2144 --- [booking_hotel_backend] [  restartedMain] com.zaxxer.hikari.HikariDataSource       : HikariPool-1 - Starting...
2026-06-03T18:42:46.786+07:00  INFO 2144 --- [booking_hotel_backend] [  restartedMain] com.zaxxer.hikari.pool.HikariPool        : HikariPool-1 - Added connection com.mysql.cj.jdbc.ConnectionImpl@21d22c00
2026-06-03T18:42:46.789+07:00  INFO 2144 --- [booking_hotel_backend] [  restartedMain] com.zaxxer.hikari.HikariDataSource       : HikariPool-1 - Start completed.
2026-06-03T18:42:46.845+07:00  WARN 2144 --- [booking_hotel_backend] [  restartedMain] org.hibernate.orm.deprecation            : HHH90000025: MySQL8Dialect does not need to be specified explicitly using 'hibernate.dialect' (remove the property setting and it will be selected by default)
2026-06-03T18:42:46.846+07:00  WARN 2144 --- [booking_hotel_backend] [  restartedMain] org.hibernate.orm.deprecation            : HHH90000026: MySQL8Dialect has been deprecated; use org.hibernate.dialect.MySQLDialect instead
2026-06-03T18:42:46.875+07:00  INFO 2144 --- [booking_hotel_backend] [  restartedMain] org.hibernate.orm.connections.pooling    : HHH10001005: Database info:
	Database JDBC URL [Connecting through datasource 'HikariDataSource (HikariPool-1)']
	Database driver: undefined/unknown
	Database version: 8.0
	Autocommit mode: undefined/unknown
	Isolation level: undefined/unknown
	Minimum pool size: undefined/unknown
	Maximum pool size: undefined/unknown
2026-06-03T18:42:48.511+07:00  INFO 2144 --- [booking_hotel_backend] [  restartedMain] o.h.e.t.j.p.i.JtaPlatformInitiator       : HHH000489: No JTA platform available (set 'hibernate.transaction.jta.platform' to enable JTA platform integration)
2026-06-03T18:42:49.034+07:00  INFO 2144 --- [booking_hotel_backend] [  restartedMain] j.LocalContainerEntityManagerFactoryBean : Initialized JPA EntityManagerFactory for persistence unit 'default'
2026-06-03T18:42:50.694+07:00  INFO 2144 --- [booking_hotel_backend] [  restartedMain] o.s.d.j.r.query.QueryEnhancerFactory     : Hibernate is in classpath; If applicable, HQL parser will be used.
2026-06-03T18:42:51.624+07:00  INFO 2144 --- [booking_hotel_backend] [  restartedMain] r$InitializeUserDetailsManagerConfigurer : Global AuthenticationManager configured with UserDetailsService bean with name customUserDetailsService
2026-06-03T18:42:52.911+07:00  WARN 2144 --- [booking_hotel_backend] [  restartedMain] JpaBaseConfiguration$JpaWebConfiguration : spring.jpa.open-in-view is enabled by default. Therefore, database queries may be performed during view rendering. Explicitly configure spring.jpa.open-in-view to disable this warning
2026-06-03T18:42:54.717+07:00  WARN 2144 --- [booking_hotel_backend] [  restartedMain] o.s.b.d.a.OptionalLiveReloadServer       : Unable to start LiveReload server
2026-06-03T18:42:54.783+07:00  WARN 2144 --- [booking_hotel_backend] [  restartedMain] ConfigServletWebServerApplicationContext : Exception encountered during context initialization - cancelling refresh attempt: org.springframework.context.ApplicationContextException: Failed to start bean 'webServerStartStop'
2026-06-03T18:42:54.791+07:00  INFO 2144 --- [booking_hotel_backend] [  restartedMain] j.LocalContainerEntityManagerFactoryBean : Closing JPA EntityManagerFactory for persistence unit 'default'
2026-06-03T18:42:54.800+07:00  INFO 2144 --- [booking_hotel_backend] [  restartedMain] com.zaxxer.hikari.HikariDataSource       : HikariPool-1 - Shutdown initiated...
2026-06-03T18:42:54.831+07:00  INFO 2144 --- [booking_hotel_backend] [  restartedMain] com.zaxxer.hikari.HikariDataSource       : HikariPool-1 - Shutdown completed.
2026-06-03T18:42:54.857+07:00  INFO 2144 --- [booking_hotel_backend] [  restartedMain] .s.b.a.l.ConditionEvaluationReportLogger : 

Error starting ApplicationContext. To display the condition evaluation report re-run your application with 'debug' enabled.
2026-06-03T18:42:54.967+07:00 ERROR 2144 --- [booking_hotel_backend] [  restartedMain] o.s.b.d.LoggingFailureAnalysisReporter   : 

***************************
APPLICATION FAILED TO START
***************************

Description:

Web server failed to start. Port 8082 was already in use.

Action:

Identify and stop the process that's listening on port 8082 or configure this application to listen on another port.

[INFO] ------------------------------------------------------------------------
[INFO] BUILD SUCCESS
[INFO] ------------------------------------------------------------------------
[INFO] Total time:  16.163 s
[INFO] Finished at: 2026-06-03T18:42:55+07:00
[INFO] ------------------------------------------------------------------------
